<?xml version="1.0" encoding="UTF-8"?>
<!-- Generated by org.testng.reporters.JUnitReportReporter -->
<testsuite hostname="Mukul" failures="0" tests="7" name="parallel.ParallelRun" time="336.403" errors="0" timestamp="03 Mar 2021 04:18:52 GMT" skipped="0">
  <testcase classname="parallel.ParallelRun" name="runScenario" time="44.837"/>
  <testcase classname="parallel.ParallelRun" name="runScenario" time="50.348"/>
  <testcase classname="parallel.ParallelRun" name="runScenario" time="50.369"/>
  <testcase classname="parallel.ParallelRun" name="runScenario" time="44.853"/>
  <testcase classname="parallel.ParallelRun" name="runScenario" time="50.431"/>
  <testcase classname="parallel.ParallelRun" name="runScenario" time="49.743"/>
  <testcase classname="parallel.ParallelRun" name="runScenario" time="45.822"/>
</testsuite> <!-- parallel.ParallelRun -->
